0 info it worked if it ends with ok
1 verbose cli [ 'C:\\Program Files\\nodejs\\node.exe',
1 verbose cli   'C:\\Users\\azerothian\\AppData\\Roaming\\npm\\node_modules\\npm\\bin\\npm-cli.js',
1 verbose cli   'publish',
1 verbose cli   '--access=public' ]
2 info using npm@3.10.6
3 info using node@v8.9.0
4 verbose publish [ '.' ]
5 silly cache add args [ '.', null ]
6 verbose cache add spec .
7 silly cache add parsed spec Result {
7 silly cache add   raw: '.',
7 silly cache add   scope: null,
7 silly cache add   escapedName: null,
7 silly cache add   name: null,
7 silly cache add   rawSpec: '.',
7 silly cache add   spec: 'D:\\dev\\btc-markets',
7 silly cache add   type: 'directory' }
8 verbose addLocalDirectory C:\Users\azerothian\AppData\Roaming\npm-cache\@azerothian\btc-markets-api\1.2.0\package.tgz not in flight; packing
9 verbose correctMkdir C:\Users\azerothian\AppData\Roaming\npm-cache correctMkdir not in flight; initializing
10 info lifecycle @azerothian/btc-markets-api@1.2.0~prepublish: @azerothian/btc-markets-api@1.2.0
11 silly lifecycle @azerothian/btc-markets-api@1.2.0~prepublish: no script for prepublish, continuing
12 verbose tar pack [ 'C:\\Users\\azerothian\\AppData\\Roaming\\npm-cache\\@azerothian\\btc-markets-api\\1.2.0\\package.tgz',
12 verbose tar pack   'D:\\dev\\btc-markets' ]
13 verbose tarball C:\Users\azerothian\AppData\Roaming\npm-cache\@azerothian\btc-markets-api\1.2.0\package.tgz
14 verbose folder D:\dev\btc-markets
15 verbose addLocalTarball adding from inside cache C:\Users\azerothian\AppData\Roaming\npm-cache\@azerothian\btc-markets-api\1.2.0\package.tgz
16 verbose correctMkdir C:\Users\azerothian\AppData\Roaming\npm-cache correctMkdir not in flight; initializing
17 silly cache afterAdd @azerothian/btc-markets-api@1.2.0
18 verbose afterAdd C:\Users\azerothian\AppData\Roaming\npm-cache\@azerothian\btc-markets-api\1.2.0\package\package.json not in flight; writing
19 verbose correctMkdir C:\Users\azerothian\AppData\Roaming\npm-cache correctMkdir not in flight; initializing
20 verbose afterAdd C:\Users\azerothian\AppData\Roaming\npm-cache\@azerothian\btc-markets-api\1.2.0\package\package.json written
21 silly publish { name: '@azerothian/btc-markets-api',
21 silly publish   version: '1.2.0',
21 silly publish   description: 'BTC Markets Rest Client',
21 silly publish   main: 'build/index.js',
21 silly publish   scripts:
21 silly publish    { test: 'jest',
21 silly publish      prepublishOnly: 'yarn && gulp compile:publish',
21 silly publish      publish: 'npm publish --access=public' },
21 silly publish   jest:
21 silly publish    { verbose: false,
21 silly publish      testPathIgnorePatterns: [ '<rootDir>/src/', '<rootDir>/node_modules/' ] },
21 silly publish   files: [ 'build/index.js' ],
21 silly publish   devEngines: { node: '8.x || 9.x' },
21 silly publish   devDependencies:
21 silly publish    { '@babel/core': '^7.0.0-beta.37',
21 silly publish      '@babel/preset-env': '^7.0.0-beta.37',
21 silly publish      'babel-eslint': '^8.2.1',
21 silly publish      'babel-plugin-autobind-class-methods': '^5.0.1',
21 silly publish      'babel-plugin-transform-class-properties': '^6.24.1',
21 silly publish      dotenv: '^4.0.0',
21 silly publish      eslint: '^4.15.0',
21 silly publish      'eslint-plugin-jest': '^21.6.2',
21 silly publish      gulp: '^3.9.1',
21 silly publish      'gulp-babel': '^8.0.0-beta.0',
21 silly publish      'gulp-eslint': '^4.0.1',
21 silly publish      'gulp-jsdoc3': '^1.0.1',
21 silly publish      'gulp-sourcemaps': '^2.6.3',
21 silly publish      jest: '^22.1.1' },
21 silly publish   dependencies: { 'node-fetch': '^1.7.3' },
21 silly publish   keywords:
21 silly publish    [ 'BTC Markets',
21 silly publish      'exchange',
21 silly publish      'Bitcoin',
21 silly publish      'Ethereum',
21 silly publish      'Bitcoin Cash',
21 silly publish      'Australia',
21 silly publish      'trading' ],
21 silly publish   repository:
21 silly publish    { type: 'git',
21 silly publish      url: 'git+https://github.com/azerothian/btc-markets-api.git' },
21 silly publish   author: { name: 'Matthew Mckenzie' },
21 silly publish   license: 'MIT',
21 silly publish   readme: 'BTC Markets Rest Client\r\n===============\r\n\r\nThis is a node.js wrapper for the private and public methods exposed by the [BTC Markets API](https://github.com/BTCMarkets/API).\r\nYou will need have a registered account with [BTC Markets](https://btcmarkets.net) and generated API keys to access the private methods.\r\n\r\nPlease contact support@btcmarkets.net if you are having trouble opening and account or generating an API key. \r\n\r\nFor websocket support see [btc-markets-ws-api](https://www.github.com/azerothian/btc-markets-ws-api)\r\n\r\n### Requirements\r\n\r\n- Nodejs >= 8.9.4\r\n\r\n### Install\r\n\r\n`yarn add @azerothian/btc-markets-api`\r\n\r\n### Documentation\r\n\r\n[Link to Documentation](https://azerothian.github.io/btc-markets-api/)\r\n\r\n### Features\r\n- Single dependency - node-fetch, no need to scan and research multiple dependencies for those with security in mine, (node-fetch has no dependencies)\r\n- Promises - all functions return promises and can be used with all its glory.\r\n- Simple API \r\n\r\n\r\n### Examples\r\n\r\n```js\r\nimport BTCMarkets from "@azerothian/btc-markets-api";\r\n(async() => {\r\n  try {\r\n    const client = new BTCMarkets({key: "", secret: ""});\r\n\r\n    const numberConverter = 100000000;    // one hundred million\r\n\r\n    // get latest prices\r\n    const tickData = await client.getTick("BTC", "AUD");\r\n    console.log(`bid ${tickData.bestBid} ask ${tickData.bestAsk} last price ${tickData.lastPrice}`);\r\n\r\n    // get order book\r\n    const orderBook = await client.getOrderBook("BTC", "AUD");\r\n    console.log(`${orderBook.asks.length} asks with best ask having price ${orderBook.asks[0][0]} and amount ${orderBook.asks[0][1]}`);\r\n\r\n    // limit buy order for of 0.01 BTC at 230 AUD\r\n    const createLimitedBuyOrder = await client.createOrder("BTC", "AUD", 230 * numberConverter, 0.01 * numberConverter, \'Bid\', \'Limit\', "10001");\r\n    console.log(createLimitedBuyOrder);\r\n\r\n    // market sell for 0.0001 BTC\r\n    const sellOrder = await client.createOrder("BTC", "AUD", null, 0.0001 * numberConverter, \'Ask\', \'Market\', null);\r\n    console.log(sellOrder);\r\n\r\n    // cancel two limit orders with id\'s 123456 and 987654\r\n    const cancelOrders = await client.cancelOrder([123456,987654]);\r\n    console.log(`first order was cancelled ${cancelOrders.responses[0].success}`);\r\n\r\n    const accountBalances = await client.getAccountBalances();\r\n    accountBalances.forEach((account) => {\r\n      console.log(`${account.currency} balance ${account.balance / numberConverter} pending ${account.pendingFunds / numberConverter}`);\r\n    });\r\n\r\n    const tradingFee = client.getTradingFee("BTC", "AUD");\r\n    console.log(tradingFee);\r\n  } catch (err) {\r\n      console.log(err);\r\n  }\r\n})();\r\n\r\n```\r\n\r\n### Development\r\n\r\n- We use gulp with babel for source transpiling.\r\n- `npm run test` or `jest` to run test the test cases\r\n- `gulp watch` to monitor and watch for \r\n- To run the private test cases you need to set the following keys in your environment variables or create a `.env` file with the following filled in\r\n```\r\nBTCMKT_KEY=""\r\nBTCMKT_SECRET=""\r\n```\r\n',
21 silly publish   readmeFilename: 'README.md',
21 silly publish   gitHead: 'e99dbaedbcfba70d2b020ed1da1d1b0e18c31471',
21 silly publish   bugs: { url: 'https://github.com/azerothian/btc-markets-api/issues' },
21 silly publish   homepage: 'https://github.com/azerothian/btc-markets-api#readme',
21 silly publish   _id: '@azerothian/btc-markets-api@1.2.0',
21 silly publish   _shasum: 'e000ca238023885b209fab1a05fd3253d3df3b37',
21 silly publish   _from: '.' }
22 verbose getPublishConfig undefined
23 silly mapToRegistry name @azerothian/btc-markets-api
24 silly mapToRegistry scope (from package name) @azerothian
25 verbose mapToRegistry no registry URL found in name for scope @azerothian
26 silly mapToRegistry using default registry
27 silly mapToRegistry registry https://registry.npmjs.org/
28 silly mapToRegistry data Result {
28 silly mapToRegistry   raw: '@azerothian/btc-markets-api',
28 silly mapToRegistry   scope: '@azerothian',
28 silly mapToRegistry   escapedName: '@azerothian%2fbtc-markets-api',
28 silly mapToRegistry   name: '@azerothian/btc-markets-api',
28 silly mapToRegistry   rawSpec: '',
28 silly mapToRegistry   spec: 'latest',
28 silly mapToRegistry   type: 'tag' }
29 silly mapToRegistry uri https://registry.npmjs.org/@azerothian%2fbtc-markets-api
30 verbose publish registryBase https://registry.npmjs.org/
31 silly publish uploading C:\Users\azerothian\AppData\Roaming\npm-cache\@azerothian\btc-markets-api\1.2.0\package.tgz
32 verbose request uri https://registry.npmjs.org/@azerothian%2fbtc-markets-api
33 verbose request sending authorization for write operation
34 info attempt registry request try #1 at 11:07:47
35 verbose request using bearer token for auth
36 verbose request id abc950792a5b5266
37 http request PUT https://registry.npmjs.org/@azerothian%2fbtc-markets-api
38 http 200 https://registry.npmjs.org/@azerothian%2fbtc-markets-api
39 verbose headers { 'content-type': 'application/json',
39 verbose headers   'content-encoding': 'gzip',
39 verbose headers   'cache-control': 'max-age=0',
39 verbose headers   'transfer-encoding': 'chunked',
39 verbose headers   'accept-ranges': 'bytes',
39 verbose headers   date: 'Sun, 21 Jan 2018 01:07:47 GMT',
39 verbose headers   via: '1.1 varnish',
39 verbose headers   connection: 'keep-alive',
39 verbose headers   'x-served-by': 'cache-bne7722-BNE',
39 verbose headers   'x-cache': 'MISS',
39 verbose headers   'x-cache-hits': '0',
39 verbose headers   'x-timer': 'S1516496867.563371,VS0,VE1106' }
40 verbose request invalidating C:\Users\azerothian\AppData\Roaming\npm-cache\registry.npmjs.org\_40azerothian_252fbtc-markets-api on PUT
41 info lifecycle @azerothian/btc-markets-api@1.2.0~publish: @azerothian/btc-markets-api@1.2.0
42 verbose lifecycle @azerothian/btc-markets-api@1.2.0~publish: unsafe-perm in lifecycle true
43 verbose lifecycle @azerothian/btc-markets-api@1.2.0~publish: PATH: C:\Users\azerothian\AppData\Roaming\npm\node_modules\npm\bin\node-gyp-bin;D:\dev\btc-markets\node_modules\.bin;C:\Program Files\Docker\Docker\Resources\bin;C:\Program Files (x86)\Common Files\Intel\Shared Files\cpp\bin\Intel64;C:\Program Files (x86)\NVIDIA Corporation\PhysX\Common;D:\Python27\;D:\Python27\Scripts;C:\ProgramData\Oracle\Java\javapath;C:\Program Files (x86)\Intel\iCLS Client\;C:\Program Files\Intel\iCLS Client\;C:\Windows\system32;C:\Windows;C:\Windows\System32\Wbem;C:\Windows\System32\WindowsPowerShell\v1.0\;C:\Users\azerothian\.dnx\bin;C:\Program Files\Microsoft DNX\Dnvm\;C:\Program Files (x86)\GtkSharp\2.12\bin;C:\Users\azerothian\AppData\Local\Programs\Git\cmd;C:\Users\azerothian\AppData\Local\Programs\Git\mingw64\bin;C:\Users\azerothian\AppData\Local\Programs\Git\usr\bin;C:\Program Files\Microsoft SQL Server\130\Tools\Binn\;C:\Program Files\dotnet\;C:\Program Files\PostgreSQL\pg95\bin;C:\Program Files (x86)\Calibre2\;C:\Program Files\Git LFS;C:\ProgramData\chocolatey\bin;C:\tools\python2;C:\WINDOWS\system32;C:\WINDOWS;C:\WINDOWS\System32\Wbem;C:\WINDOWS\System32\WindowsPowerShell\v1.0\;C:\Program Files (x86)\PuTTY\;C:\Program Files (x86)\Microsoft Emulator Manager\1.0\;C:\Program Files (x86)\Intel\Intel(R) Management Engine Components\DAL;C:\Program Files\Intel\Intel(R) Management Engine Components\DAL;C:\Program Files (x86)\Intel\Intel(R) Management Engine Components\IPT;C:\Program Files\Intel\Intel(R) Management Engine Components\IPT;C:\Program Files (x86)\WinMerge;C:\Program Files\TortoiseGit\bin;C:\Program Files\OpenVPN\bin;F:\SoftHSM2\lib;C:\Program Files (x86)\Skype\Phone\;C:\Program Files (x86)\GTK2-Runtime\bin;C:\Go\bin;C:\Program Files\nodejs\;C:\Program Files (x86)\Yarn\bin;C:\Users\azerothian\AppData\Local\Programs\Git\cmd;C:\Users\azerothian\AppData\Local\Programs\Git\mingw64\bin;C:\Users\azerothian\AppData\Local\Programs\Git\usr\bin;C:\Users\azerothian\AppData\Local\atom\bin;C:\Program Files\Docker Toolbox;D:\Android\sdk\platform-tools;C:\Program Files\Java\jdk1.8.0_66\bin;C:\Users\azerothian\AppData\Local\Microsoft\WindowsApps;C:\Program Files (x86)\Nmap;F:\SoftHSM2\bin;F:\SoftHSM2\lib\;C:\libjpeg-turbo64\bin;C:\Program Files\Microsoft VS Code\bin;C:\Users\azerothian\AppData\Roaming\npm;C:\Users\azerothian\AppData\Local\Yarn\bin
44 verbose lifecycle @azerothian/btc-markets-api@1.2.0~publish: CWD: .
45 silly lifecycle @azerothian/btc-markets-api@1.2.0~publish: Args: [ '/d /s /c', 'npm publish --access=public' ]
46 silly lifecycle @azerothian/btc-markets-api@1.2.0~publish: Returned: code: 1  signal: null
47 info lifecycle @azerothian/btc-markets-api@1.2.0~publish: Failed to exec publish script
48 verbose stack Error: @azerothian/btc-markets-api@1.2.0 publish: `npm publish --access=public`
48 verbose stack Exit status 1
48 verbose stack     at EventEmitter.<anonymous> (C:\Users\azerothian\AppData\Roaming\npm\node_modules\npm\lib\utils\lifecycle.js:255:16)
48 verbose stack     at emitTwo (events.js:126:13)
48 verbose stack     at EventEmitter.emit (events.js:214:7)
48 verbose stack     at ChildProcess.<anonymous> (C:\Users\azerothian\AppData\Roaming\npm\node_modules\npm\lib\utils\spawn.js:40:14)
48 verbose stack     at emitTwo (events.js:126:13)
48 verbose stack     at ChildProcess.emit (events.js:214:7)
48 verbose stack     at maybeClose (internal/child_process.js:925:16)
48 verbose stack     at Process.ChildProcess._handle.onexit (internal/child_process.js:209:5)
49 verbose pkgid @azerothian/btc-markets-api@1.2.0
50 verbose cwd D:\dev\btc-markets
51 error Windows_NT 10.0.16299
52 error argv "C:\\Program Files\\nodejs\\node.exe" "C:\\Users\\azerothian\\AppData\\Roaming\\npm\\node_modules\\npm\\bin\\npm-cli.js" "publish" "--access=public"
53 error node v8.9.0
54 error npm  v3.10.6
55 error code ELIFECYCLE
56 error @azerothian/btc-markets-api@1.2.0 publish: `npm publish --access=public`
56 error Exit status 1
57 error Failed at the @azerothian/btc-markets-api@1.2.0 publish script 'npm publish --access=public'.
57 error Make sure you have the latest version of node.js and npm installed.
57 error If you do, this is most likely a problem with the @azerothian/btc-markets-api package,
57 error not with npm itself.
57 error Tell the author that this fails on your system:
57 error     npm publish --access=public
57 error You can get information on how to open an issue for this project with:
57 error     npm bugs @azerothian/btc-markets-api
57 error Or if that isn't available, you can get their info via:
57 error     npm owner ls @azerothian/btc-markets-api
57 error There is likely additional logging output above.
58 verbose exit [ 1, true ]
